Mechanize::ResponseCodeError: 403 => Net::HTTPForbidden for https://www.therealreal.com/products/jewelry/bracelets/link/14k-multicolor-tourmaline-bracelet -- unhandled response
Mechanize::ResponseCodeError: 403 => Net::HTTPForbidden for https://www.therealreal.com/products/jewelry/bracelets/bead/tiffany-and-co-onyx-bead-bracelet-20 -- unhandled response
Mechanize::ResponseCodeError: 403 => Net::HTTPForbidden for https://www.therealreal.com/products/jewelry/earrings/drop/pomellato-18k-diamond-sabbia-drop-earrings -- unhandled response
Mechanize::ResponseCodeError: 403 => Net::HTTPForbidden for https://www.therealreal.com/products/jewelry/bracelets/cuff/alexis-bittar-stripe-wide-cuff-bracelet-1 -- unhandled response
Mechanize::ResponseCodeError: 403 => Net::HTTPForbidden for https://www.therealreal.com/products/jewelry/bracelets/cuff/david-yurman-amethyst-cable-classics-bracelet-33 -- unhandled response
Mechanize::ResponseCodeError: 403 => Net::HTTPForbidden for https://www.therealreal.com/products/jewelry/rings/band/18k-v-band-ring -- unhandled response
Mechanize::ResponseCodeError: 403 => Net::HTTPForbidden for https://www.therealreal.com/products/jewelry/bracelets/link/stephen-webster-mother-of-pearl-scale-bracelet-1 -- unhandled response
Mechanize::ResponseCodeError: 403 => Net::HTTPForbidden for https://www.therealreal.com/products/jewelry/necklaces/pendant-necklace/david-yurman-diamond-albion-pendant-13 -- unhandled response
Mechanize::ResponseCodeError: 403 => Net::HTTPForbidden for https://www.therealreal.com/products/jewelry/rings/cocktail-ring/14k-diamond-and-topaz-cocktail-ring-4 -- unhandled response
Mechanize::ResponseCodeError: 403 => Net::HTTPForbidden for https://www.therealreal.com/products/jewelry/bracelets/cuff/christian-dior-perle-bracelet-8 -- unhandled response
Mechanize::ResponseCodeError: 403 => Net::HTTPForbidden for https://www.therealreal.com/products/jewelry/bracelets/link/tiffany-and-co-two-tone-cheveron-bracelet -- unhandled response
Mechanize::ResponseCodeError: 403 => Net::HTTPForbidden for https://www.therealreal.com/products/jewelry/rings/cocktail-ring/14k-opal-ruby-and-diamond-ring -- unhandled response
Mechanize::ResponseCodeError: 403 => Net::HTTPForbidden for https://www.therealreal.com/products/jewelry/rings/band/platinum-diamond-band-24 -- unhandled response
Mechanize::ResponseCodeError: 403 => Net::HTTPForbidden for https://www.therealreal.com/products/jewelry/bracelets/link/14k-link-bracelet-154 -- unhandled response
Mechanize::ResponseCodeError: 403 => Net::HTTPForbidden for https://www.therealreal.com/products/jewelry/necklaces/pendant-necklace/14k-diamond-slide-pendant-5 -- unhandled response
Mechanize::ResponseCodeError: 403 => Net::HTTPForbidden for https://www.therealreal.com/products/jewelry/bracelets/wrap/tai-glass-cord-bracelet -- unhandled response
Mechanize::ResponseCodeError: 403 => Net::HTTPForbidden for https://www.therealreal.com/products/jewelry/bracelets/link/14k-two-tone-link-bracelet-8 -- unhandled response
Mechanize::ResponseCodeError: 403 => Net::HTTPForbidden for https://www.therealreal.com/products/jewelry/bracelets/wrap/hermes-petit-h-silk-wrap-bracelet-3 -- unhandled response
Mechanize::ResponseCodeError: 403 => Net::HTTPForbidden for https://www.therealreal.com/products/jewelry/bracelets/wrap/hermes-matte-alligator-kelly-dog-bracelet -- unhandled response
Mechanize::ResponseCodeError: 403 => Net::HTTPForbidden for https://www.therealreal.com/products/jewelry/necklaces/pendant-necklace/14k-amethyst-pendant-9 -- unhandled response
Mechanize::ResponseCodeError: 403 => Net::HTTPForbidden for https://www.therealreal.com/products/jewelry/bracelets/wrap/hermes-alligator-kelly-dog-bracelet-15 -- unhandled response
Mechanize::ResponseCodeError: 403 => Net::HTTPForbidden for https://www.therealreal.com/products/jewelry/earrings/drop/armenta-two-tone-diamond-old-world-large-open-oval-roped-cravelli-earrings -- unhandled response
Mechanize::ResponseCodeError: 403 => Net::HTTPForbidden for https://www.therealreal.com/products/jewelry/rings/cocktail-ring/seidengang-18k-yellow-quartz-and-diamond-cocktail-ring -- unhandled response
Mechanize::ResponseCodeError: 403 => Net::HTTPForbidden for https://www.therealreal.com/products/jewelry/earrings/hoop/antonini-gioielli-18k-diamond-hoop-earrings -- unhandled response
Mechanize::ResponseCodeError: 403 => Net::HTTPForbidden for https://www.therealreal.com/products/jewelry/bracelets/wrap/hermes-kelly-double-tour-wrap-bracelet-25 -- unhandled response
Mechanize::ResponseCodeError: 403 => Net::HTTPForbidden for https://www.therealreal.com/products/jewelry/bracelets/bangle/tiffany-and-co-1837-bangle-39 -- unhandled response
Mechanize::ResponseCodeError: 403 => Net::HTTPForbidden for https://www.therealreal.com/products/jewelry/rings/band/platinum-diamond-eternity-band-52 -- unhandled response
Mechanize::ResponseCodeError: 403 => Net::HTTPForbidden for https://www.therealreal.com/products/jewelry/earrings/drop/david-yurman-18k-citrine-and-smoky-quartz-chatelaine-double-drop-earrings -- unhandled response
Mechanize::ResponseCodeError: 403 => Net::HTTPForbidden for https://www.therealreal.com/products/jewelry/rings/band/14k-diamond-coil-ring-1 -- unhandled response
Mechanize::ResponseCodeError: 403 => Net::HTTPForbidden for https://www.therealreal.com/products/jewelry/rings/wedding-band/18k-diamond-wedding-band-2 -- unhandled response
Mechanize::ResponseCodeError: 403 => Net::HTTPForbidden for https://www.therealreal.com/products/jewelry/rings/cocktail-ring/roberto-coin-18k-diamond-capri-plus-ring -- unhandled response
Mechanize::ResponseCodeError: 403 => Net::HTTPForbidden for https://www.therealreal.com/products/jewelry/bracelets/link/14k-diamond-tennis-bracelet-83 -- unhandled response
Mechanize::ResponseCodeError: 403 => Net::HTTPForbidden for https://www.therealreal.com/products/jewelry/bracelets/wrap/hermes-kelly-dog-bracelet-165 -- unhandled response
Mechanize::ResponseCodeError: 403 => Net::HTTPForbidden for https://www.therealreal.com/products/jewelry/bracelets/bangle/alexis-bittar-tapered-lucite-bangle-bracelet-4 -- unhandled response
Mechanize::ResponseCodeError: 403 => Net::HTTPForbidden for https://www.therealreal.com/products/jewelry/bracelets/link/tous-circle-link-bracelet -- unhandled response
Mechanize::ResponseCodeError: 403 => Net::HTTPForbidden for https://www.therealreal.com/products/jewelry/rings/cocktail-ring/david-yurman-hematine-albion-cocktail-ring-1 -- unhandled response
Mechanize::ResponseCodeError: 403 => Net::HTTPForbidden for https://www.therealreal.com/products/jewelry/earrings/earclip/18k-hoop-earrings-62 -- unhandled response
Mechanize::ResponseCodeError: 403 => Net::HTTPForbidden for https://www.therealreal.com/products/jewelry/rings/band/montblanc-enamel-ame-de-star-band-1 -- unhandled response
Mechanize::ResponseCodeError: 403 => Net::HTTPForbidden for https://www.therealreal.com/products/jewelry/bracelets/wrap/balenciaga-arena-giant-stud-wrap-bracelet -- unhandled response
Mechanize::ResponseCodeError: 403 => Net::HTTPForbidden for https://www.therealreal.com/products/jewelry/bracelets/bangle/ippolita-2-diamond-bangle-bracelet -- unhandled response
Mechanize::ResponseCodeError: 403 => Net::HTTPForbidden for https://www.therealreal.com/products/jewelry/rings/cocktail-ring/14k-diamond-cocktail-ring-107 -- unhandled response
Mechanize::ResponseCodeError: 403 => Net::HTTPForbidden for https://www.therealreal.com/products/jewelry/bracelets/bangle/alexis-bittar-skinny-tapered-bangle-49 -- unhandled response
Mechanize::ResponseCodeError: 403 => Net::HTTPForbidden for https://www.therealreal.com/products/jewelry/bracelets/bangle/alexis-bittar-skinny-tapered-bangle-46 -- unhandled response
Mechanize::ResponseCodeError: 403 => Net::HTTPForbidden for https://www.therealreal.com/products/jewelry/bracelets/bangle/alexis-bittar-skinny-tapered-bangle-48 -- unhandled response
Mechanize::ResponseCodeError: 403 => Net::HTTPForbidden for https://www.therealreal.com/products/jewelry/bracelets/bangle/alexis-bittar-tapered-lucite-bangle-bracelet-3 -- unhandled response
Mechanize::ResponseCodeError: 403 => Net::HTTPForbidden for https://www.therealreal.com/products/jewelry/bracelets/bangle/alexis-bittar-skinny-tapered-bangle-44 -- unhandled response
Mechanize::ResponseCodeError: 403 => Net::HTTPForbidden for https://www.therealreal.com/products/jewelry/bracelets/bangle/oscar-de-la-renta-enamel-bangle-2 -- unhandled response
Mechanize::ResponseCodeError: 403 => Net::HTTPForbidden for https://www.therealreal.com/products/jewelry/bracelets/bangle/alexis-bittar-skinny-tapered-bangle-47 -- unhandled response
Mechanize::ResponseCodeError: 403 => Net::HTTPForbidden for https://www.therealreal.com/products/jewelry/earrings/drop/22k-drop-earrings-5 -- unhandled response
Mechanize::ResponseCodeError: 403 => Net::HTTPForbidden for https://www.therealreal.com/products/jewelry/bracelets/link/tous-18k-rose-link-bracelet -- unhandled response
Mechanize::ResponseCodeError: 403 => Net::HTTPForbidden for https://www.therealreal.com/products/jewelry/rings/band/cathy-waterman-platinum-diamond-flower-vine-ring-1 -- unhandled response
Mechanize::ResponseCodeError: 403 => Net::HTTPForbidden for https://www.therealreal.com/products/jewelry/brooches/pin/chanel-cc-brooch-51 -- unhandled response
Mechanize::ResponseCodeError: 403 => Net::HTTPForbidden for https://www.therealreal.com/products/jewelry/bracelets/link/14k-shell-sand-dollar-and-starfish-bracelet -- unhandled response
Mechanize::ResponseCodeError: 403 => Net::HTTPForbidden for https://www.therealreal.com/products/jewelry/bracelets/cuff/alexis-bittar-crystal-and-lucite-wolf-head-cuff -- unhandled response
Mechanize::ResponseCodeError: 403 => Net::HTTPForbidden for https://www.therealreal.com/products/jewelry/bracelets/wrap/hermes-jumbo-hook-double-tour-wrap-bracelet-3 -- unhandled response
Mechanize::ResponseCodeError: 403 => Net::HTTPForbidden for https://www.therealreal.com/products/jewelry/earrings/stud/earrings-14k-knot-studs-2 -- unhandled response
Mechanize::ResponseCodeError: 403 => Net::HTTPForbidden for https://www.therealreal.com/products/jewelry/earrings/drop/earrings-14k-yellow-gold-drop-earrings-14 -- unhandled response
Mechanize::ResponseCodeError: 403 => Net::HTTPForbidden for https://www.therealreal.com/products/jewelry/earrings/stud/earrings-14k-knot-studs -- unhandled response
Mechanize::ResponseCodeError: 403 => Net::HTTPForbidden for https://www.therealreal.com/products/jewelry/earrings/drop/earrings-14k-rhombic-drop-earrings -- unhandled response
Mechanize::ResponseCodeError: 403 => Net::HTTPForbidden for https://www.therealreal.com/products/jewelry/earrings/stud/earrings-14k-knot-studs-1 -- unhandled response
Mechanize::ResponseCodeError: 403 => Net::HTTPForbidden for https://www.therealreal.com/products/jewelry/earrings/drop/earrings-14k-two-tone-geometric-earring -- unhandled response
Mechanize::ResponseCodeError: 403 => Net::HTTPForbidden for https://www.therealreal.com/products/jewelry/necklaces/chain/necklace-18k-lace-rope-chain -- unhandled response
Mechanize::ResponseCodeError: 403 => Net::HTTPForbidden for https://www.therealreal.com/products/jewelry/earrings/drop/earrings-14k-rhombic-drop-earrings-1 -- unhandled response
Mechanize::ResponseCodeError: 403 => Net::HTTPForbidden for https://www.therealreal.com/products/jewelry/necklaces/chain/necklace-18k-mini-box-chain-necklace-1 -- unhandled response
Mechanize::ResponseCodeError: 403 => Net::HTTPForbidden for https://www.therealreal.com/products/jewelry/earrings/stud/earrings-14k-knot-studs-4 -- unhandled response
Mechanize::ResponseCodeError: 403 => Net::HTTPForbidden for https://www.therealreal.com/products/jewelry/necklaces/chain/necklace-14k-figaro-curb-link-chain-necklace-1 -- unhandled response
Mechanize::ResponseCodeError: 403 => Net::HTTPForbidden for https://www.therealreal.com/products/jewelry/necklaces/chain/necklace-14k-figaro-curb-link-chain-necklace-2 -- unhandled response
Mechanize::ResponseCodeError: 403 => Net::HTTPForbidden for https://www.therealreal.com/products/jewelry/necklaces/chain/18k-chain-necklace-21 -- unhandled response
Mechanize::ResponseCodeError: 403 => Net::HTTPForbidden for https://www.therealreal.com/sales/womens-jewelry?taxons%5B%5D=759&page=2 -- unhandled response
rm: missing operand
Try 'rm --help' for more information.
Mechanize::ResponseCodeError: 403 => Net::HTTPForbidden for https://www.therealreal.com/sales/new-arrivals-watches-4172?taxons%5B%5D=760&page=1 -- unhandled response
rm: missing operand
Try 'rm --help' for more information.
Mechanize::ResponseCodeError: 403 => Net::HTTPForbidden for https://www.therealreal.com/shop/women/handbags?page=1 -- unhandled response
rm: missing operand
Try 'rm --help' for more information.
Mechanize::ResponseCodeError: 403 => Net::HTTPForbidden for https://www.therealreal.com/sales/new-arrivals-fine-watches-1449?taxons%5B%5D=760&page=1 -- unhandled response
rm: missing operand
Try 'rm --help' for more information.
NoMethodError: undefined method `[]' for nil:NilClass
Mechanize::ResponseCodeError: 403 => Net::HTTPForbidden for https://www.therealreal.com/products/jewelry/bracelets/bangle/bracelet-14k-diamond-granulated-hinged-bangle-2 -- unhandled response
Mechanize::ResponseCodeError: 403 => Net::HTTPForbidden for https://www.therealreal.com/products/jewelry/necklaces/pendant-necklace/pendant-18k-nephrite-scalloped-pendant -- unhandled response
Mechanize::ResponseCodeError: 403 => Net::HTTPForbidden for https://www.therealreal.com/products/jewelry/brooches/pin/tiffany-and-co-loving-heart-brooch-9 -- unhandled response
Mechanize::ResponseCodeError: 403 => Net::HTTPForbidden for https://www.therealreal.com/products/jewelry/rings/cocktail-ring/jennifer-fisher-smooth-ring -- unhandled response
Mechanize::ResponseCodeError: 403 => Net::HTTPForbidden for https://www.therealreal.com/products/jewelry/earrings/drop/john-hardy-two-tone-pearl-drop-earrings-9 -- unhandled response
Mechanize::ResponseCodeError: 403 => Net::HTTPForbidden for https://www.therealreal.com/products/jewelry/brooches/pin/tiffany-and-co-18k-love-and-kisses-brooch-1 -- unhandled response
Mechanize::ResponseCodeError: 403 => Net::HTTPForbidden for https://www.therealreal.com/products/jewelry/bracelets/bangle/alexis-bittar-studded-lucite-hinge-bangle-20 -- unhandled response
Mechanize::ResponseCodeError: 403 => Net::HTTPForbidden for https://www.therealreal.com/products/jewelry/necklaces/choker/fallon-crystal-velvet-choker -- unhandled response
Mechanize::ResponseCodeError: 403 => Net::HTTPForbidden for https://www.therealreal.com/products/jewelry/bracelets/bangle/alexis-bittar-studded-faceted-lucite-bangle -- unhandled response
Mechanize::ResponseCodeError: 403 => Net::HTTPForbidden for https://www.therealreal.com/products/jewelry/earrings/hoop/david-yurman-diamond-extra-large-crossover-hoops -- unhandled response
Mechanize::ResponseCodeError: 403 => Net::HTTPForbidden for https://www.therealreal.com/products/jewelry/necklaces/chain/ippolita-quartz-necklace -- unhandled response
Mechanize::ResponseCodeError: 403 => Net::HTTPForbidden for https://www.therealreal.com/products/jewelry/rings/engagement-ring/ring-18k-three-stone-diamond-ring -- unhandled response
Mechanize::ResponseCodeError: 403 => Net::HTTPForbidden for https://www.therealreal.com/products/jewelry/necklaces/collar/david-yurman-figaro-chain-necklace-64 -- unhandled response
Mechanize::ResponseCodeError: 403 => Net::HTTPForbidden for https://www.therealreal.com/products/jewelry/rings/cocktail-ring/ring-18k-diamond-cocktail-ring-46 -- unhandled response
Mechanize::ResponseCodeError: 403 => Net::HTTPForbidden for https://www.therealreal.com/products/jewelry/bracelets/wrap/tai-crystal-leaf-bracelet -- unhandled response
Mechanize::ResponseCodeError: 403 => Net::HTTPForbidden for https://www.therealreal.com/products/jewelry/rings/engagement-ring/engagement-ring-18k-2-dot-22ct-engagement-ring -- unhandled response
Mechanize::ResponseCodeError: 403 => Net::HTTPForbidden for https://www.therealreal.com/products/jewelry/bracelets/cuff/louis-vuitton-epi-wish-bracelet-2 -- unhandled response
Mechanize::ResponseCodeError: 403 => Net::HTTPForbidden for https://www.therealreal.com/products/jewelry/necklaces/pendant-necklace/alexis-bittar-crystal-and-lucite-pendant-necklace-26 -- unhandled response
Mechanize::ResponseCodeError: 403 => Net::HTTPForbidden for https://www.therealreal.com/products/jewelry/necklaces/chain/oscar-de-la-renta-chain-link-necklace -- unhandled response
Mechanize::ResponseCodeError: 403 => Net::HTTPForbidden for https://www.therealreal.com/products/jewelry/earrings/drop/ippolita-bastille-link-earrings-2 -- unhandled response
Mechanize::ResponseCodeError: 403 => Net::HTTPForbidden for https://www.therealreal.com/products/jewelry/necklaces/choker/jennifer-fisher-large-id-choker-2 -- unhandled response
Mechanize::ResponseCodeError: 403 => Net::HTTPForbidden for https://www.therealreal.com/products/jewelry/necklaces/chain/chimento-18k-two-tone-reversible-chain-necklace -- unhandled response
Mechanize::ResponseCodeError: 403 => Net::HTTPForbidden for https://www.therealreal.com/products/jewelry/bracelets/bangle/lanvin-black-resin-bracelet -- unhandled response
Mechanize::ResponseCodeError: 403 => Net::HTTPForbidden for https://www.therealreal.com/products/jewelry/bracelets/wrap/hermes-petit-h-wrap-bracelet-2 -- unhandled response
Mechanize::ResponseCodeError: 403 => Net::HTTPForbidden for https://www.therealreal.com/products/jewelry/necklaces/collar/marc-jacobs-zipper-collar-necklace -- unhandled response
Mechanize::ResponseCodeError: 403 => Net::HTTPForbidden for https://www.therealreal.com/products/jewelry/necklaces/chain/federica-rettore-18k-diamond-circle-link-necklace -- unhandled response
Mechanize::ResponseCodeError: 403 => Net::HTTPForbidden for https://www.therealreal.com/products/jewelry/earrings/stud/mcl-by-matthew-campbell-laurenza-pave-sapphire-stud-earrings-1 -- unhandled response
Mechanize::ResponseCodeError: 403 => Net::HTTPForbidden for https://www.therealreal.com/products/jewelry/bracelets/wrap/proenza-schouler-ps11-single-bracelet-11 -- unhandled response
Mechanize::ResponseCodeError: 403 => Net::HTTPForbidden for https://www.therealreal.com/products/jewelry/bracelets/cuff/alexander-mcqueen-twin-skull-coil-cuff-bracelet-1 -- unhandled response
Mechanize::ResponseCodeError: 403 => Net::HTTPForbidden for https://www.therealreal.com/products/jewelry/bracelets/bangle/tiffany-and-co-somerset-bangle-112 -- unhandled response
Mechanize::ResponseCodeError: 403 => Net::HTTPForbidden for https://www.therealreal.com/products/jewelry/necklaces/pendant-necklace/roberto-coin-18k-diamond-starfish-pendant-necklace -- unhandled response
Mechanize::ResponseCodeError: 403 => Net::HTTPForbidden for https://www.therealreal.com/products/jewelry/earrings/huggie/barry-kieselstein-cord-18k-diamond-huggie-earrings -- unhandled response
Mechanize::ResponseCodeError: 403 => Net::HTTPForbidden for https://www.therealreal.com/products/jewelry/earrings/clip-on/lalaounis-18k-knot-clip-on-earrings -- unhandled response
Mechanize::ResponseCodeError: 403 => Net::HTTPForbidden for https://www.therealreal.com/products/jewelry/necklaces/pendant-necklace/neil-lane-scarab-pendant-necklace -- unhandled response
Mechanize::ResponseCodeError: 403 => Net::HTTPForbidden for https://www.therealreal.com/products/jewelry/necklaces/pendant-necklace/14k-sapphire-and-diamond-pendant-10 -- unhandled response
Mechanize::ResponseCodeError: 403 => Net::HTTPForbidden for https://www.therealreal.com/products/jewelry/necklaces/pendant-necklace/lalique-crystal-papillon-pendant -- unhandled response
Mechanize::ResponseCodeError: 403 => Net::HTTPForbidden for https://www.therealreal.com/products/jewelry/earrings/clip-on/earrings-diamond-and-emerald-clip-on-earrings -- unhandled response
Mechanize::ResponseCodeError: 403 => Net::HTTPForbidden for https://www.therealreal.com/products/jewelry/rings/cocktail-ring/david-yurman-diamond-and-chalcedony-dy-signature-oval-ring -- unhandled response
Mechanize::ResponseCodeError: 403 => Net::HTTPForbidden for https://www.therealreal.com/products/jewelry/necklaces/collar/david-yurman-pearl-figaro-necklace-8 -- unhandled response
Mechanize::ResponseCodeError: 403 => Net::HTTPForbidden for https://www.therealreal.com/products/jewelry/necklaces/pendant-necklace/me-and-ro-10k-strength-is-having-a-graceful-life-pendant-necklace -- unhandled response
Mechanize::ResponseCodeError: 403 => Net::HTTPForbidden for https://www.therealreal.com/products/jewelry/bracelets/cuff/yves-saint-laurent-rive-gauche-crystal-floral-cuff-bracelet -- unhandled response
Mechanize::ResponseCodeError: 403 => Net::HTTPForbidden for https://www.therealreal.com/products/jewelry/bracelets/bangle/hermes-narrow-clic-h-bracelet-110 -- unhandled response
Mechanize::ResponseCodeError: 403 => Net::HTTPForbidden for https://www.therealreal.com/products/jewelry/earrings/stud/tiffany-and-co-18k-diamond-stud-earrings -- unhandled response
Mechanize::ResponseCodeError: 403 => Net::HTTPForbidden for https://www.therealreal.com/products/jewelry/necklaces/pendant-necklace/14k-diamond-cherry-pendant -- unhandled response
Mechanize::ResponseCodeError: 403 => Net::HTTPForbidden for https://www.therealreal.com/products/jewelry/earrings/stud/christian-dior-mise-en-dior-tribales-pave-crystal-earrings -- unhandled response
Mechanize::ResponseCodeError: 403 => Net::HTTPForbidden for https://www.therealreal.com/products/jewelry/rings/band/roberto-coin-18k-diamond-band-3 -- unhandled response
Mechanize::ResponseCodeError: 403 => Net::HTTPForbidden for https://www.therealreal.com/products/jewelry/earrings/clip-on/kenneth-jay-lane-cabochon-crystal-drop-earrings -- unhandled response
Mechanize::ResponseCodeError: 403 => Net::HTTPForbidden for https://www.therealreal.com/products/jewelry/necklaces/chain/dodo-diamond-key-pendant-necklace -- unhandled response
Mechanize::ResponseCodeError: 403 => Net::HTTPForbidden for https://www.therealreal.com/products/jewelry/earrings/drop/ippolita-mother-of-pearl-and-onyx-teardrop-earrings -- unhandled response
Mechanize::ResponseCodeError: 403 => Net::HTTPForbidden for https://www.therealreal.com/products/jewelry/earrings/earclip/18k-pearl-and-diamond-earrings-19 -- unhandled response
Mechanize::ResponseCodeError: 403 => Net::HTTPForbidden for https://www.therealreal.com/products/jewelry/rings/engagement-ring/engagement-ring-18k-1-dot-25-diamond-solitaire-engagement-ring -- unhandled response
Mechanize::ResponseCodeError: 403 => Net::HTTPForbidden for https://www.therealreal.com/products/jewelry/rings/cocktail-ring/14k-citrine-and-diamond-cocktail-ring-14 -- unhandled response
Mechanize::ResponseCodeError: 403 => Net::HTTPForbidden for https://www.therealreal.com/products/jewelry/bracelets/link/tiffany-and-co-heart-tag-charm-bracelet-94 -- unhandled response
Mechanize::ResponseCodeError: 403 => Net::HTTPForbidden for https://www.therealreal.com/products/jewelry/earrings/drop/anzie-amethyst-and-sapphire-dew-drop-etoile-earrings -- unhandled response
Mechanize::ResponseCodeError: 403 => Net::HTTPForbidden for https://www.therealreal.com/products/jewelry/rings/cocktail-ring/ring-18k-pearl-and-diamond-ring-18 -- unhandled response
Mechanize::ResponseCodeError: 403 => Net::HTTPForbidden for https://www.therealreal.com/products/jewelry/earrings/drop/anzie-amethyst-and-sapphire-dew-drop-etoile-earrings-1 -- unhandled response
Mechanize::ResponseCodeError: 403 => Net::HTTPForbidden for https://www.therealreal.com/products/jewelry/rings/cocktail-ring/anzie-hematine-coralia-ring-w-slash-tags-1 -- unhandled response
Mechanize::ResponseCodeError: 403 => Net::HTTPForbidden for https://www.therealreal.com/products/jewelry/earrings/drop/earrings-18k-diamond-heart-drop-earrings-6 -- unhandled response
Mechanize::ResponseCodeError: 403 => Net::HTTPForbidden for https://www.therealreal.com/products/jewelry/earrings/drop/dodo-9k-brown-diamond-cuore-earring -- unhandled response
Mechanize::ResponseCodeError: 403 => Net::HTTPForbidden for https://www.therealreal.com/products/jewelry/rings/cocktail-ring/anzie-hematine-coralia-ring-w-slash-tags-2 -- unhandled response
Mechanize::ResponseCodeError: 403 => Net::HTTPForbidden for https://www.therealreal.com/products/jewelry/bracelets/link/anzie-amethyst-and-topaz-dew-drop-bracelet-1 -- unhandled response
Mechanize::ResponseCodeError: 403 => Net::HTTPForbidden for https://www.therealreal.com/products/jewelry/bracelets/link/anzie-amethyst-and-topaz-link-bracelet -- unhandled response
Mechanize::ResponseCodeError: 403 => Net::HTTPForbidden for https://www.therealreal.com/products/jewelry/earrings/drop/anzie-topaz-and-sapphire-drop-earrings -- unhandled response
Mechanize::ResponseCodeError: 403 => Net::HTTPForbidden for https://www.therealreal.com/products/jewelry/bracelets/link/sachin-plus-babi-rorschach-link-bracelet -- unhandled response
Mechanize::ResponseCodeError: 403 => Net::HTTPForbidden for https://www.therealreal.com/products/jewelry/bracelets/link/bracelet-18k-two-tone-link-bracelet-5 -- unhandled response
Mechanize::ResponseCodeError: 403 => Net::HTTPForbidden for https://www.therealreal.com/products/jewelry/rings/cocktail-ring/ring-14k-diamond-and-garnet-ring -- unhandled response
Mechanize::ResponseCodeError: 403 => Net::HTTPForbidden for https://www.therealreal.com/products/jewelry/rings/band/ring-14k-diamond-and-topaz-ring -- unhandled response
Mechanize::ResponseCodeError: 403 => Net::HTTPForbidden for https://www.therealreal.com/products/jewelry/earrings/drop/earrings-18k-diamond-and-sapphire-drop-earrings-12 -- unhandled response
Mechanize::ResponseCodeError: 403 => Net::HTTPForbidden for https://www.therealreal.com/products/jewelry/bracelets/charm/as29-mother-of-pearl-and-crystal-mini-round-bracelet -- unhandled response
Mechanize::ResponseCodeError: 403 => Net::HTTPForbidden for https://www.therealreal.com/products/jewelry/earrings/clip-on/chanel-pearl-clip-on-earrings-67 -- unhandled response
Mechanize::ResponseCodeError: 403 => Net::HTTPForbidden for https://www.therealreal.com/products/jewelry/bracelets/bangle/ippolita-banded-resin-bangle-2 -- unhandled response
Mechanize::ResponseCodeError: 403 => Net::HTTPForbidden for https://www.therealreal.com/products/jewelry/earrings/stud/earrings-14k-diamond-and-sapphire-x-earrings -- unhandled response
Mechanize::ResponseCodeError: 403 => Net::HTTPForbidden for https://www.therealreal.com/products/jewelry/bracelets/bangle/david-yurman-two-tone-metro-cable-bracelet-11 -- unhandled response
Mechanize::ResponseCodeError: 403 => Net::HTTPForbidden for https://www.therealreal.com/products/jewelry/rings/cocktail-ring/ring-14k-diamond-and-citrine-cocktail-ring-3 -- unhandled response
Mechanize::ResponseCodeError: 403 => Net::HTTPForbidden for https://www.therealreal.com/products/jewelry/bracelets/bangle/david-yurman-two-tone-metro-bracelet -- unhandled response
Mechanize::ResponseCodeError: 403 => Net::HTTPForbidden for https://www.therealreal.com/products/jewelry/rings/band/ring-14k-diamond-and-multistone-band-1 -- unhandled response
Mechanize::ResponseCodeError: 403 => Net::HTTPForbidden for https://www.therealreal.com/products/jewelry/rings/cocktail-ring/14k-pearl-and-lapis-cluster-ring -- unhandled response
Mechanize::ResponseCodeError: 403 => Net::HTTPForbidden for https://www.therealreal.com/products/jewelry/necklaces/pendant-necklace/pomellato-fish-pendant-cord-necklace -- unhandled response
Mechanize::ResponseCodeError: 403 => Net::HTTPForbidden for https://www.therealreal.com/products/jewelry/bracelets/wrap/louis-vuitton-keep-it-twice-bracelet-21 -- unhandled response
Mechanize::ResponseCodeError: 403 => Net::HTTPForbidden for https://www.therealreal.com/products/jewelry/rings/cocktail-ring/14k-blue-topaz-and-diamond-cocktail-ring -- unhandled response
Mechanize::ResponseCodeError: 403 => Net::HTTPForbidden for https://www.therealreal.com/products/jewelry/earrings/drop/anzie-onyx-and-topaz-dew-drop-marine-earrings-1 -- unhandled response
Mechanize::ResponseCodeError: 403 => Net::HTTPForbidden for https://www.therealreal.com/products/jewelry/earrings/stud/14k-diamond-circle-stud-earrings-7 -- unhandled response
Mechanize::ResponseCodeError: 403 => Net::HTTPForbidden for https://www.therealreal.com/products/jewelry/earrings/drop/anzie-onyx-and-topaz-dew-drop-marine-earrings -- unhandled response
Mechanize::ResponseCodeError: 403 => Net::HTTPForbidden for https://www.therealreal.com/products/jewelry/rings/cocktail-ring/14k-dyed-jadeite-and-diamond-cocktail-ring -- unhandled response
Mechanize::ResponseCodeError: 403 => Net::HTTPForbidden for https://www.therealreal.com/products/jewelry/rings/cocktail-ring/18k-pearl-and-diamond-cocktail-ring-9 -- unhandled response
Mechanize::ResponseCodeError: 403 => Net::HTTPForbidden for https://www.therealreal.com/products/jewelry/bracelets/bangle/louis-vuitton-large-inclusion-bracelet-1 -- unhandled response
Mechanize::ResponseCodeError: 403 => Net::HTTPForbidden for https://www.therealreal.com/products/jewelry/bracelets/cuff/john-hardy-bamboo-wide-kick-cuff-bracelet -- unhandled response
Mechanize::ResponseCodeError: 403 => Net::HTTPForbidden for https://www.therealreal.com/products/jewelry/bracelets/bangle/kate-spade-new-york-wide-bangle-1 -- unhandled response
Mechanize::ResponseCodeError: 403 => Net::HTTPForbidden for https://www.therealreal.com/products/jewelry/rings/cocktail-ring/stephen-dweck-carved-labradorite-cocktail-ring-1 -- unhandled response
Mechanize::ResponseCodeError: 403 => Net::HTTPForbidden for https://www.therealreal.com/products/jewelry/rings/band/tiffany-and-co-wide-atlas-band-16 -- unhandled response
Mechanize::ResponseCodeError: 403 => Net::HTTPForbidden for https://www.therealreal.com/products/jewelry/bracelets/link/anzie-amethyst-and-topaz-dew-drop-bracelet -- unhandled response
Mechanize::ResponseCodeError: 403 => Net::HTTPForbidden for https://www.therealreal.com/products/jewelry/rings/band/14k-diamond-ring-144 -- unhandled response
Mechanize::ResponseCodeError: 403 => Net::HTTPForbidden for https://www.therealreal.com/products/jewelry/brooches/pin/brooch-18k-parisian-dessin-diamond-coral-and-turquoise-swami-hookah-brooch -- unhandled response
Mechanize::ResponseCodeError: 403 => Net::HTTPForbidden for https://www.therealreal.com/products/jewelry/rings/cocktail-ring/david-yurman-18k-x-crossover-dome-ring -- unhandled response
Mechanize::ResponseCodeError: 403 => Net::HTTPForbidden for https://www.therealreal.com/products/jewelry/bracelets/link/18k-diamond-link-bracelet-37 -- unhandled response
Mechanize::ResponseCodeError: 403 => Net::HTTPForbidden for https://www.therealreal.com/products/jewelry/rings/cocktail-ring/david-yurman-18k-turquoise-and-diamond-ring -- unhandled response
Mechanize::ResponseCodeError: 403 => Net::HTTPForbidden for https://www.therealreal.com/products/jewelry/bracelets/bangle/mark-davis-18k-diamond-bamboo-bangle -- unhandled response
Mechanize::ResponseCodeError: 403 => Net::HTTPForbidden for https://www.therealreal.com/products/jewelry/bracelets/cuff/david-yurman-two-tone-diamond-cuff-bracelet -- unhandled response
Mechanize::ResponseCodeError: 403 => Net::HTTPForbidden for https://www.therealreal.com/products/jewelry/earrings/drop/baccarat-tentation-stem-drop-earrings -- unhandled response
Mechanize::ResponseCodeError: 403 => Net::HTTPForbidden for https://www.therealreal.com/products/jewelry/earrings/drop/alexis-bittar-crystal-encrusted-drop-earrings-4 -- unhandled response
Mechanize::ResponseCodeError: 403 => Net::HTTPForbidden for https://www.therealreal.com/products/jewelry/bracelets/bangle/alexis-bittar-scuptural-crystal-hinge-bangle -- unhandled response
Mechanize::ResponseCodeError: 403 => Net::HTTPForbidden for https://www.therealreal.com/products/jewelry/bracelets/bangle/alexis-bittar-square-lucite-bangle-52 -- unhandled response
Mechanize::ResponseCodeError: 403 => Net::HTTPForbidden for https://www.therealreal.com/products/jewelry/rings/cocktail-ring/ring-14k-diamond-and-citrine-cocktail-ring-2 -- unhandled response
Mechanize::ResponseCodeError: 403 => Net::HTTPForbidden for https://www.therealreal.com/products/jewelry/bracelets/cuff/balenciaga-printed-resin-cuff-bracelet -- unhandled response
Mechanize::ResponseCodeError: 403 => Net::HTTPForbidden for https://www.therealreal.com/products/jewelry/rings/band/david-yurman-diamond-cable-ring-13 -- unhandled response
Mechanize::ResponseCodeError: 403 => Net::HTTPForbidden for https://www.therealreal.com/products/jewelry/necklaces/chain/david-yurman-two-tone-medium-wheat-chain-necklace -- unhandled response
Mechanize::ResponseCodeError: 403 => Net::HTTPForbidden for https://www.therealreal.com/products/jewelry/earrings/earclip/earrings-14k-diamond-and-citrine-earrngs -- unhandled response
Mechanize::ResponseCodeError: 403 => Net::HTTPForbidden for https://www.therealreal.com/products/jewelry/bracelets/cuff/david-yurman-18k-citrine-iolite-and-garnet-cuff -- unhandled response
Mechanize::ResponseCodeError: 403 => Net::HTTPForbidden for https://www.therealreal.com/products/jewelry/bracelets/cuff/alexander-mcqueen-cuff-bracelet-1 -- unhandled response
Mechanize::ResponseCodeError: 403 => Net::HTTPForbidden for https://www.therealreal.com/products/jewelry/earrings/clip-on/iradj-moini-carnelian-and-quartz-clip-on-earrings -- unhandled response
Mechanize::ResponseCodeError: 403 => Net::HTTPForbidden for https://www.therealreal.com/products/jewelry/earrings/clip-on/oscar-de-la-renta-shell-drop-clip-on-earrings -- unhandled response
Mechanize::ResponseCodeError: 403 => Net::HTTPForbidden for https://www.therealreal.com/products/jewelry/bracelets/bangle/alexis-bittar-wide-lucite-bangle-18 -- unhandled response
Mechanize::ResponseCodeError: 403 => Net::HTTPForbidden for https://www.therealreal.com/sales/womens-jewelry?taxons%5B%5D=759&page=2 -- unhandled response
rm: missing operand
Try 'rm --help' for more information.
Mechanize::ResponseCodeError: 403 => Net::HTTPForbidden for https://www.therealreal.com/sales/new-arrivals-watches-4172?taxons%5B%5D=760&page=1 -- unhandled response
rm: missing operand
Try 'rm --help' for more information.
Mechanize::ResponseCodeError: 403 => Net::HTTPForbidden for https://www.therealreal.com/shop/women/handbags?page=1 -- unhandled response
rm: missing operand
Try 'rm --help' for more information.
Mechanize::ResponseCodeError: 403 => Net::HTTPForbidden for https://www.therealreal.com/sales/new-arrivals-fine-watches-1449?taxons%5B%5D=760&page=1 -- unhandled response
rm: missing operand
Try 'rm --help' for more information.
/usr/local/rvm/rubies/ruby-2.3.3/lib/ruby/site_ruby/2.3.0/rubygems/core_ext/kernel_require.rb:55:in `require': cannot load such file -- ./proxies.rb (LoadError)
	from /usr/local/rvm/rubies/ruby-2.3.3/lib/ruby/site_ruby/2.3.0/rubygems/core_ext/kernel_require.rb:55:in `require'
	from /root/scraper/scraper.rb:10:in `<main>'
